  [1m[35m (436.3ms)[0m  [1m[35mCREATE DATABASE "SerenitySkins_development" ENCODING = 'unicode'[0m
  [1m[35m (342.9ms)[0m  [1m[35mCREATE DATABASE "SerenitySkins_test" ENCODING = 'unicode'[0m
  [1m[35m (42.3ms)[0m  [1m[35mCREATE TABLE "schema_migrations" ("version" character varying NOT NULL PRIMARY KEY)[0m
  [1m[35m (128.1ms)[0m  [1m[35mCREATE TABLE "ar_internal_metadata" ("key" character varying NOT NULL PRIMARY KEY, "value" character varying, "created_at" timestamp(6) NOT NULL, "updated_at" timestamp(6) NOT NULL)[0m
  [1m[35m (92.4ms)[0m  [1m[34mSELECT pg_try_advisory_lock(6672320352161130555)[0m
  [1m[35m (1.2ms)[0m  [1m[34mSELECT "schema_migrations"."version" FROM "schema_migrations" ORDER BY "schema_migrations"."version" ASC[0m
Migrating to CreateUsers (20200810202043)
  [1m[35m (0.8ms)[0m  [1m[35mBEGIN[0m
  [1m[35m (48.2ms)[0m  [1m[35mCREATE TABLE "users" ("id" bigserial primary key, "username" character varying, "email" character varying, "password_digest" character varying, "created_at" timestamp(6) NOT NULL, "updated_at" timestamp(6) NOT NULL)[0m
  [1m[36mprimary::SchemaMigration Create (21.6ms)[0m  [1m[32mINSERT INTO "schema_migrations" ("version") VALUES ($1) RETURNING "version"[0m  [["version", "20200810202043"]]
  [1m[35m (0.6ms)[0m  [1m[35mCOMMIT[0m
  [1m[36mActiveRecord::InternalMetadata Load (0.4ms)[0m  [1m[34mSELECT "ar_internal_metadata".* FROM "ar_internal_metadata" WHERE "ar_internal_metadata"."key" = $1 LIMIT $2[0m  [["key", "environment"], ["LIMIT", 1]]
  [1m[35m (0.2ms)[0m  [1m[35mBEGIN[0m
  [1m[36mActiveRecord::InternalMetadata Create (41.1ms)[0m  [1m[32mINSERT INTO "ar_internal_metadata" ("key", "value", "created_at", "updated_at") VALUES ($1, $2, $3, $4) RETURNING "key"[0m  [["key", "environment"], ["value", "development"], ["created_at", "2020-08-10 20:23:44.027362"], ["updated_at", "2020-08-10 20:23:44.027362"]]
  [1m[35m (0.4ms)[0m  [1m[35mCOMMIT[0m
  [1m[35m (0.5ms)[0m  [1m[34mSELECT pg_advisory_unlock(6672320352161130555)[0m
  [1m[35m (1.7ms)[0m  [1m[34mSELECT "schema_migrations"."version" FROM "schema_migrations" ORDER BY "schema_migrations"."version" ASC[0m
  [1m[35m (42.0ms)[0m  [1m[34mSELECT pg_try_advisory_lock(6672320352161130555)[0m
  [1m[35m (3.4ms)[0m  [1m[34mSELECT "schema_migrations"."version" FROM "schema_migrations" ORDER BY "schema_migrations"."version" ASC[0m
Migrating to CreateAppointments (20200811012234)
  [1m[35m (0.2ms)[0m  [1m[35mBEGIN[0m
  [1m[35m (78.5ms)[0m  [1m[35mCREATE TABLE "appointments" ("id" bigserial primary key, "name" character varying, "date" character varying, "time" character varying, "user_id" bigint NOT NULL, "created_at" timestamp(6) NOT NULL, "updated_at" timestamp(6) NOT NULL, CONSTRAINT "fk_rails_9e31213785"
FOREIGN KEY ("user_id")
  REFERENCES "users" ("id")
)[0m
  [1m[35m (3.0ms)[0m  [1m[35mCREATE  INDEX  "index_appointments_on_user_id" ON "appointments"  ("user_id")[0m
  [1m[36mprimary::SchemaMigration Create (0.5ms)[0m  [1m[32mINSERT INTO "schema_migrations" ("version") VALUES ($1) RETURNING "version"[0m  [["version", "20200811012234"]]
  [1m[35m (0.5ms)[0m  [1m[35mCOMMIT[0m
Migrating to CreateServices (20200811012526)
  [1m[35m (40.6ms)[0m  [1m[35mBEGIN[0m
  [1m[35m (4.7ms)[0m  [1m[35mCREATE TABLE "services" ("id" bigserial primary key, "name" character varying, "duration" character varying, "price" character varying, "description" character varying, "created_at" timestamp(6) NOT NULL, "updated_at" timestamp(6) NOT NULL)[0m
  [1m[36mprimary::SchemaMigration Create (0.4ms)[0m  [1m[32mINSERT INTO "schema_migrations" ("version") VALUES ($1) RETURNING "version"[0m  [["version", "20200811012526"]]
  [1m[35m (0.7ms)[0m  [1m[35mCOMMIT[0m
  [1m[36mActiveRecord::InternalMetadata Load (38.0ms)[0m  [1m[34mSELECT "ar_internal_metadata".* FROM "ar_internal_metadata" WHERE "ar_internal_metadata"."key" = $1 LIMIT $2[0m  [["key", "environment"], ["LIMIT", 1]]
  [1m[35m (0.4ms)[0m  [1m[34mSELECT pg_advisory_unlock(6672320352161130555)[0m
  [1m[35m (0.7ms)[0m  [1m[34mSELECT "schema_migrations"."version" FROM "schema_migrations" ORDER BY "schema_migrations"."version" ASC[0m
  [1m[35m (13.6ms)[0m  [1m[34mSELECT pg_try_advisory_lock(6672320352161130555)[0m
  [1m[35m (7.1ms)[0m  [1m[34mSELECT "schema_migrations"."version" FROM "schema_migrations" ORDER BY "schema_migrations"."version" ASC[0m
Migrating to CreateJoinTableAppointmentsServices (20200811193556)
  [1m[35m (0.2ms)[0m  [1m[35mBEGIN[0m
  [1m[35m (84.6ms)[0m  [1m[35mCREATE TABLE "appointments_services" ("appointment_id" bigint NOT NULL, "service_id" bigint NOT NULL)[0m
  [1m[36mprimary::SchemaMigration Create (0.5ms)[0m  [1m[32mINSERT INTO "schema_migrations" ("version") VALUES ($1) RETURNING "version"[0m  [["version", "20200811193556"]]
  [1m[35m (2.5ms)[0m  [1m[35mCOMMIT[0m
  [1m[36mActiveRecord::InternalMetadata Load (18.5ms)[0m  [1m[34mSELECT "ar_internal_metadata".* FROM "ar_internal_metadata" WHERE "ar_internal_metadata"."key" = $1 LIMIT $2[0m  [["key", "environment"], ["LIMIT", 1]]
  [1m[35m (0.3ms)[0m  [1m[34mSELECT pg_advisory_unlock(6672320352161130555)[0m
  [1m[35m (0.9ms)[0m  [1m[34mSELECT "schema_migrations"."version" FROM "schema_migrations" ORDER BY "schema_migrations"."version" ASC[0m
  [1m[35m (0.4ms)[0m  [1m[34mSELECT pg_try_advisory_lock(6672320352161130555)[0m
  [1m[35m (1.0ms)[0m  [1m[34mSELECT "schema_migrations"."version" FROM "schema_migrations" ORDER BY "schema_migrations"."version" ASC[0m
Migrating to AddImgUrlToServices (20200812001349)
  [1m[35m (0.5ms)[0m  [1m[35mBEGIN[0m
  [1m[35m (36.5ms)[0m  [1m[35mALTER TABLE "services" ADD "img_url" character varying[0m
  [1m[36mprimary::SchemaMigration Create (0.4ms)[0m  [1m[32mINSERT INTO "schema_migrations" ("version") VALUES ($1) RETURNING "version"[0m  [["version", "20200812001349"]]
  [1m[35m (0.6ms)[0m  [1m[35mCOMMIT[0m
  [1m[36mActiveRecord::InternalMetadata Load (0.5ms)[0m  [1m[34mSELECT "ar_internal_metadata".* FROM "ar_internal_metadata" WHERE "ar_internal_metadata"."key" = $1 LIMIT $2[0m  [["key", "environment"], ["LIMIT", 1]]
  [1m[35m (0.4ms)[0m  [1m[34mSELECT pg_advisory_unlock(6672320352161130555)[0m
  [1m[35m (0.7ms)[0m  [1m[34mSELECT "schema_migrations"."version" FROM "schema_migrations" ORDER BY "schema_migrations"."version" ASC[0m
  [1m[35m (13.0ms)[0m  [1m[34mSELECT pg_try_advisory_lock(6672320352161130555)[0m
  [1m[35m (0.9ms)[0m  [1m[34mSELECT "schema_migrations"."version" FROM "schema_migrations" ORDER BY "schema_migrations"."version" ASC[0m
Migrating to AddServiceToAppointments (20200812010642)
  [1m[35m (0.4ms)[0m  [1m[35mBEGIN[0m
  [1m[35m (55.5ms)[0m  [1m[35mALTER TABLE "appointments" ADD "service_id" bigint NOT NULL[0m
  [1m[35m (9.0ms)[0m  [1m[35mCREATE  INDEX  "index_appointments_on_service_id" ON "appointments"  ("service_id")[0m
  [1m[35m (11.7ms)[0m  [1m[35mALTER TABLE "appointments" ADD CONSTRAINT "fk_rails_486091c262"
FOREIGN KEY ("service_id")
  REFERENCES "services" ("id")
[0m
  [1m[36mprimary::SchemaMigration Create (0.5ms)[0m  [1m[32mINSERT INTO "schema_migrations" ("version") VALUES ($1) RETURNING "version"[0m  [["version", "20200812010642"]]
  [1m[35m (0.8ms)[0m  [1m[35mCOMMIT[0m
  [1m[36mActiveRecord::InternalMetadata Load (6.5ms)[0m  [1m[34mSELECT "ar_internal_metadata".* FROM "ar_internal_metadata" WHERE "ar_internal_metadata"."key" = $1 LIMIT $2[0m  [["key", "environment"], ["LIMIT", 1]]
  [1m[35m (0.4ms)[0m  [1m[34mSELECT pg_advisory_unlock(6672320352161130555)[0m
  [1m[35m (0.7ms)[0m  [1m[34mSELECT "schema_migrations"."version" FROM "schema_migrations" ORDER BY "schema_migrations"."version" ASC[0m
  [1m[35m (4.4ms)[0m  [1m[34mSELECT "schema_migrations"."version" FROM "schema_migrations" ORDER BY "schema_migrations"."version" ASC[0m
  [1m[36mService Load (5.9ms)[0m  [1m[34mSELECT "services".* FROM "services"[0m
  [1m[36mUser Load (13.4ms)[0m  [1m[34mSELECT "users".* FROM "users"[0m
  [1m[35m (1.7ms)[0m  [1m[35mBEGIN[0m
  [1m[36mUser Exists? (23.6ms)[0m  [1m[34mSELECT 1 AS one FROM "users" WHERE "users"."username" = $1 LIMIT $2[0m  [["username", "admin"], ["LIMIT", 1]]
  [1m[36mUser Exists? (0.6ms)[0m  [1m[34mSELECT 1 AS one FROM "users" WHERE "users"."email" = $1 LIMIT $2[0m  [["email", "admin@email.com"], ["LIMIT", 1]]
  [1m[36mUser Create (66.0ms)[0m  [1m[32mINSERT INTO "users" ("username", "email", "password_digest", "created_at", "updated_at") VALUES ($1, $2, $3, $4, $5) RETURNING "id"[0m  [["username", "admin"], ["email", "admin@email.com"], ["password_digest", "$2a$12$e36tES8Spfhfku9P0C.gyuNG1tyOreMd1Poq8WTczl1t7miOBOcaC"], ["created_at", "2020-08-12 14:55:18.673084"], ["updated_at", "2020-08-12 14:55:18.673084"]]
  [1m[35m (1.5ms)[0m  [1m[35mCOMMIT[0m
  [1m[35m (9.9ms)[0m  [1m[35mBEGIN[0m
  [1m[36mService Create (3.2ms)[0m  [1m[32mINSERT INTO "services" ("name", "duration", "price", "description", "created_at", "updated_at", "img_url") VALUES ($1, $2, $3, $4, $5, $6, $7) RETURNING "id"[0m  [["name", "Reflexology Massage"], ["duration", "60 min"], ["price", "$40"], ["description", "Reflexology is a type of massage that involves applying different amounts of pressure to the feet. It's based on a theory that these body parts are connected to certain organs and body systems. Reflexologists believe that applying pressure to these parts offers a range of health benefits."], ["created_at", "2020-08-12 14:55:18.785984"], ["updated_at", "2020-08-12 14:55:18.785984"], ["img_url", "http://res.cloudinary.com/dc6ncx5wp/image/upload/v1597238721/reflexology_e6x30v.jpg"]]
  [1m[35m (1.0ms)[0m  [1m[35mCOMMIT[0m
  [1m[35m (0.3ms)[0m  [1m[35mBEGIN[0m
  [1m[36mService Create (1.2ms)[0m  [1m[32mINSERT INTO "services" ("name", "duration", "price", "description", "created_at", "updated_at", "img_url") VALUES ($1, $2, $3, $4, $5, $6, $7) RETURNING "id"[0m  [["name", "Mesotherapy"], ["duration", "70 min"], ["price", "$150"], ["description", "esotherapy is a technique that uses injections of vitamins, enzymes, hormones, and plant extracts to rejuvenate and tighten skin, as well as remove excess fat. After the injections, we do a series of fat-reduction massages. Mesotherapy is considered a nonsurgical alternative to liposuction for removing unwanted fat. You can lose up to 15 pounds after just 2 sessions!"], ["created_at", "2020-08-12 14:55:18.809404"], ["updated_at", "2020-08-12 14:55:18.809404"], ["img_url", "http://res.cloudinary.com/dc6ncx5wp/image/upload/v1597238721/reflexology_e6x30v.jpg"]]
  [1m[35m (6.6ms)[0m  [1m[35mCOMMIT[0m
  [1m[35m (0.2ms)[0m  [1m[35mBEGIN[0m
  [1m[36mService Create (13.4ms)[0m  [1m[32mINSERT INTO "services" ("name", "duration", "price", "description", "created_at", "updated_at", "img_url") VALUES ($1, $2, $3, $4, $5, $6, $7) RETURNING "id"[0m  [["name", "Kybella"], ["duration", "30 min"], ["price", "$400"], ["description", "An injectable treatment that melts fat rapidly and can dramatically improve the contour of the jawline. (price listed above is for 1 vial and 1 sealer injection- 15days apart) 2 sessions are recommended, 4 weeks apart; to see fast results."], ["created_at", "2020-08-12 14:55:18.833488"], ["updated_at", "2020-08-12 14:55:18.833488"], ["img_url", "http://res.cloudinary.com/dc6ncx5wp/image/upload/v1597241359/neck_lift_jtdcrq.jpg"]]
  [1m[35m (0.6ms)[0m  [1m[35mCOMMIT[0m
  [1m[35m (0.3ms)[0m  [1m[35mBEGIN[0m
  [1m[36mService Create (1.1ms)[0m  [1m[32mINSERT INTO "services" ("name", "duration", "price", "description", "created_at", "updated_at", "img_url") VALUES ($1, $2, $3, $4, $5, $6, $7) RETURNING "id"[0m  [["name", "Cryolipolysis"], ["duration", "45 min"], ["price", "$175"], ["description", "Cryolipolysis (fat freezing) is a suction applied to a target area and the skin’s temperature is lowered to -16 degrees Celsius. Inducing fat cells to dissolve. The dead fat cells are removed through the body’s natural processes in a period of 4-6 weeks."], ["created_at", "2020-08-12 14:55:18.872747"], ["updated_at", "2020-08-12 14:55:18.872747"], ["img_url", "http://res.cloudinary.com/dc6ncx5wp/image/upload/v1597242300/cryolipolysis_bkxo9o.jpg"]]
  [1m[35m (7.7ms)[0m  [1m[35mCOMMIT[0m
  [1m[35m (1.4ms)[0m  [1m[34mSELECT "schema_migrations"."version" FROM "schema_migrations" ORDER BY "schema_migrations"."version" ASC[0m
  [1m[36mService Load (7.3ms)[0m  [1m[34mSELECT "services".* FROM "services"[0m
  [1m[35m (0.3ms)[0m  [1m[35mBEGIN[0m
  [1m[36mService Destroy (29.9ms)[0m  [1m[31mDELETE FROM "services" WHERE "services"."id" = $1[0m  [["id", 1]]
  [1m[35m (0.6ms)[0m  [1m[35mCOMMIT[0m
  [1m[35m (0.3ms)[0m  [1m[35mBEGIN[0m
  [1m[36mService Destroy (0.6ms)[0m  [1m[31mDELETE FROM "services" WHERE "services"."id" = $1[0m  [["id", 2]]
  [1m[35m (0.4ms)[0m  [1m[35mCOMMIT[0m
  [1m[35m (0.2ms)[0m  [1m[35mBEGIN[0m
  [1m[36mService Destroy (0.5ms)[0m  [1m[31mDELETE FROM "services" WHERE "services"."id" = $1[0m  [["id", 3]]
  [1m[35m (0.4ms)[0m  [1m[35mCOMMIT[0m
  [1m[35m (0.2ms)[0m  [1m[35mBEGIN[0m
  [1m[36mService Destroy (0.7ms)[0m  [1m[31mDELETE FROM "services" WHERE "services"."id" = $1[0m  [["id", 4]]
  [1m[35m (0.4ms)[0m  [1m[35mCOMMIT[0m
  [1m[36mUser Load (1.0ms)[0m  [1m[34mSELECT "users".* FROM "users"[0m
  [1m[35m (0.2ms)[0m  [1m[35mBEGIN[0m
  [1m[36mAppointment Load (0.4ms)[0m  [1m[34mSELECT "appointments".* FROM "appointments" WHERE "appointments"."user_id" = $1[0m  [["user_id", 1]]
  [1m[36mUser Destroy (0.7ms)[0m  [1m[31mDELETE FROM "users" WHERE "users"."id" = $1[0m  [["id", 1]]
  [1m[35m (2.9ms)[0m  [1m[35mCOMMIT[0m
  [1m[35m (0.9ms)[0m  [1m[35mBEGIN[0m
  [1m[36mUser Exists? (0.7ms)[0m  [1m[34mSELECT 1 AS one FROM "users" WHERE "users"."username" = $1 LIMIT $2[0m  [["username", "admin"], ["LIMIT", 1]]
  [1m[36mUser Exists? (0.8ms)[0m  [1m[34mSELECT 1 AS one FROM "users" WHERE "users"."email" = $1 LIMIT $2[0m  [["email", "admin@email.com"], ["LIMIT", 1]]
  [1m[36mUser Create (13.9ms)[0m  [1m[32mINSERT INTO "users" ("username", "email", "password_digest", "created_at", "updated_at") VALUES ($1, $2, $3, $4, $5) RETURNING "id"[0m  [["username", "admin"], ["email", "admin@email.com"], ["password_digest", "$2a$12$sLsS21Od9JNJd7y/.obnqu/wtT7ao.k0bV8F00XxlQrGBxRtmevAC"], ["created_at", "2020-08-12 14:56:58.373456"], ["updated_at", "2020-08-12 14:56:58.373456"]]
  [1m[35m (5.1ms)[0m  [1m[35mCOMMIT[0m
  [1m[35m (1.1ms)[0m  [1m[35mBEGIN[0m
  [1m[36mService Create (0.6ms)[0m  [1m[32mINSERT INTO "services" ("name", "duration", "price", "description", "created_at", "updated_at", "img_url") VALUES ($1, $2, $3, $4, $5, $6, $7) RETURNING "id"[0m  [["name", "Reflexology Massage"], ["duration", "60 min"], ["price", "$40"], ["description", "Reflexology is a type of massage that involves applying different amounts of pressure to the feet. It's based on a theory that these body parts are connected to certain organs and body systems. Reflexologists believe that applying pressure to these parts offers a range of health benefits."], ["created_at", "2020-08-12 14:56:58.412476"], ["updated_at", "2020-08-12 14:56:58.412476"], ["img_url", "http://res.cloudinary.com/dc6ncx5wp/image/upload/v1597238721/reflexology_e6x30v.jpg"]]
  [1m[35m (0.6ms)[0m  [1m[35mCOMMIT[0m
  [1m[35m (0.6ms)[0m  [1m[35mBEGIN[0m
  [1m[36mService Create (0.4ms)[0m  [1m[32mINSERT INTO "services" ("name", "duration", "price", "description", "created_at", "updated_at", "img_url") VALUES ($1, $2, $3, $4, $5, $6, $7) RETURNING "id"[0m  [["name", "Mesotherapy"], ["duration", "70 min"], ["price", "$150"], ["description", "esotherapy is a technique that uses injections of vitamins, enzymes, hormones, and plant extracts to rejuvenate and tighten skin, as well as remove excess fat. After the injections, we do a series of fat-reduction massages. Mesotherapy is considered a nonsurgical alternative to liposuction for removing unwanted fat. You can lose up to 15 pounds after just 2 sessions!"], ["created_at", "2020-08-12 14:56:58.445193"], ["updated_at", "2020-08-12 14:56:58.445193"], ["img_url", "http://res.cloudinary.com/dc6ncx5wp/image/upload/v1597238721/reflexology_e6x30v.jpg"]]
  [1m[35m (0.4ms)[0m  [1m[35mCOMMIT[0m
  [1m[35m (0.3ms)[0m  [1m[35mBEGIN[0m
  [1m[36mService Create (0.4ms)[0m  [1m[32mINSERT INTO "services" ("name", "duration", "price", "description", "created_at", "updated_at", "img_url") VALUES ($1, $2, $3, $4, $5, $6, $7) RETURNING "id"[0m  [["name", "Kybella"], ["duration", "30 min"], ["price", "$400"], ["description", "An injectable treatment that melts fat rapidly and can dramatically improve the contour of the jawline. (price listed above is for 1 vial and 1 sealer injection- 15days apart) 2 sessions are recommended, 4 weeks apart; to see fast results."], ["created_at", "2020-08-12 14:56:58.452291"], ["updated_at", "2020-08-12 14:56:58.452291"], ["img_url", "http://res.cloudinary.com/dc6ncx5wp/image/upload/v1597241359/neck_lift_jtdcrq.jpg"]]
  [1m[35m (0.4ms)[0m  [1m[35mCOMMIT[0m
  [1m[35m (0.2ms)[0m  [1m[35mBEGIN[0m
  [1m[36mService Create (0.3ms)[0m  [1m[32mINSERT INTO "services" ("name", "duration", "price", "description", "created_at", "updated_at", "img_url") VALUES ($1, $2, $3, $4, $5, $6, $7) RETURNING "id"[0m  [["name", "Cryolipolysis"], ["duration", "45 min"], ["price", "$175"], ["description", "Cryolipolysis (fat freezing) is a suction applied to a target area and the skin’s temperature is lowered to -16 degrees Celsius. Inducing fat cells to dissolve. The dead fat cells are removed through the body’s natural processes in a period of 4-6 weeks."], ["created_at", "2020-08-12 14:56:58.458466"], ["updated_at", "2020-08-12 14:56:58.458466"], ["img_url", "http://res.cloudinary.com/dc6ncx5wp/image/upload/v1597242300/cryolipolysis_bkxo9o.jpg"]]
  [1m[35m (6.4ms)[0m  [1m[35mCOMMIT[0m
  [1m[35m (1.0ms)[0m  [1m[34mSELECT "schema_migrations"."version" FROM "schema_migrations" ORDER BY "schema_migrations"."version" ASC[0m
  [1m[36mService Load (0.8ms)[0m  [1m[34mSELECT "services".* FROM "services"[0m
  [1m[35m (0.2ms)[0m  [1m[35mBEGIN[0m
  [1m[36mService Destroy (1.2ms)[0m  [1m[31mDELETE FROM "services" WHERE "services"."id" = $1[0m  [["id", 5]]
  [1m[35m (48.1ms)[0m  [1m[35mCOMMIT[0m
  [1m[35m (0.2ms)[0m  [1m[35mBEGIN[0m
  [1m[36mService Destroy (0.6ms)[0m  [1m[31mDELETE FROM "services" WHERE "services"."id" = $1[0m  [["id", 6]]
  [1m[35m (11.6ms)[0m  [1m[35mCOMMIT[0m
  [1m[35m (0.9ms)[0m  [1m[35mBEGIN[0m
  [1m[36mService Destroy (0.8ms)[0m  [1m[31mDELETE FROM "services" WHERE "services"."id" = $1[0m  [["id", 7]]
  [1m[35m (0.5ms)[0m  [1m[35mCOMMIT[0m
  [1m[35m (1.5ms)[0m  [1m[35mBEGIN[0m
  [1m[36mService Destroy (1.2ms)[0m  [1m[31mDELETE FROM "services" WHERE "services"."id" = $1[0m  [["id", 8]]
  [1m[35m (7.1ms)[0m  [1m[35mCOMMIT[0m
  [1m[36mUser Load (0.6ms)[0m  [1m[34mSELECT "users".* FROM "users"[0m
  [1m[35m (0.2ms)[0m  [1m[35mBEGIN[0m
  [1m[36mAppointment Load (0.3ms)[0m  [1m[34mSELECT "appointments".* FROM "appointments" WHERE "appointments"."user_id" = $1[0m  [["user_id", 2]]
  [1m[36mUser Destroy (1.0ms)[0m  [1m[31mDELETE FROM "users" WHERE "users"."id" = $1[0m  [["id", 2]]
  [1m[35m (0.5ms)[0m  [1m[35mCOMMIT[0m
  [1m[35m (0.2ms)[0m  [1m[35mBEGIN[0m
  [1m[36mUser Exists? (14.4ms)[0m  [1m[34mSELECT 1 AS one FROM "users" WHERE "users"."username" = $1 LIMIT $2[0m  [["username", "admin"], ["LIMIT", 1]]
  [1m[36mUser Exists? (12.6ms)[0m  [1m[34mSELECT 1 AS one FROM "users" WHERE "users"."email" = $1 LIMIT $2[0m  [["email", "admin@email.com"], ["LIMIT", 1]]
  [1m[36mUser Create (0.8ms)[0m  [1m[32mINSERT INTO "users" ("username", "email", "password_digest", "created_at", "updated_at") VALUES ($1, $2, $3, $4, $5) RETURNING "id"[0m  [["username", "admin"], ["email", "admin@email.com"], ["password_digest", "$2a$12$QfROZbXWngz1oW9eLwmquOjC2/C/vm2U4QH3fKqmfha8kb5ZuHDl2"], ["created_at", "2020-08-12 14:58:54.036916"], ["updated_at", "2020-08-12 14:58:54.036916"]]
  [1m[35m (10.6ms)[0m  [1m[35mCOMMIT[0m
  [1m[35m (7.3ms)[0m  [1m[34mSELECT COUNT(*) FROM "users"[0m
  [1m[35m (0.2ms)[0m  [1m[35mBEGIN[0m
  [1m[36mService Create (0.7ms)[0m  [1m[32mINSERT INTO "services" ("name", "duration", "price", "description", "created_at", "updated_at", "img_url") VALUES ($1, $2, $3, $4, $5, $6, $7) RETURNING "id"[0m  [["name", "Reflexology Massage"], ["duration", "60 min"], ["price", "$40"], ["description", "Reflexology is a type of massage that involves applying different amounts of pressure to the feet. It's based on a theory that these body parts are connected to certain organs and body systems. Reflexologists believe that applying pressure to these parts offers a range of health benefits."], ["created_at", "2020-08-12 14:58:54.077066"], ["updated_at", "2020-08-12 14:58:54.077066"], ["img_url", "http://res.cloudinary.com/dc6ncx5wp/image/upload/v1597238721/reflexology_e6x30v.jpg"]]
  [1m[35m (0.4ms)[0m  [1m[35mCOMMIT[0m
  [1m[35m (0.2ms)[0m  [1m[35mBEGIN[0m
  [1m[36mService Create (0.8ms)[0m  [1m[32mINSERT INTO "services" ("name", "duration", "price", "description", "created_at", "updated_at", "img_url") VALUES ($1, $2, $3, $4, $5, $6, $7) RETURNING "id"[0m  [["name", "Mesotherapy"], ["duration", "70 min"], ["price", "$150"], ["description", "esotherapy is a technique that uses injections of vitamins, enzymes, hormones, and plant extracts to rejuvenate and tighten skin, as well as remove excess fat. After the injections, we do a series of fat-reduction massages. Mesotherapy is considered a nonsurgical alternative to liposuction for removing unwanted fat. You can lose up to 15 pounds after just 2 sessions!"], ["created_at", "2020-08-12 14:58:54.120272"], ["updated_at", "2020-08-12 14:58:54.120272"], ["img_url", "http://res.cloudinary.com/dc6ncx5wp/image/upload/v1597238721/reflexology_e6x30v.jpg"]]
  [1m[35m (0.4ms)[0m  [1m[35mCOMMIT[0m
  [1m[35m (0.4ms)[0m  [1m[35mBEGIN[0m
  [1m[36mService Create (0.7ms)[0m  [1m[32mINSERT INTO "services" ("name", "duration", "price", "description", "created_at", "updated_at", "img_url") VALUES ($1, $2, $3, $4, $5, $6, $7) RETURNING "id"[0m  [["name", "Kybella"], ["duration", "30 min"], ["price", "$400"], ["description", "An injectable treatment that melts fat rapidly and can dramatically improve the contour of the jawline. (price listed above is for 1 vial and 1 sealer injection- 15days apart) 2 sessions are recommended, 4 weeks apart; to see fast results."], ["created_at", "2020-08-12 14:58:54.129850"], ["updated_at", "2020-08-12 14:58:54.129850"], ["img_url", "http://res.cloudinary.com/dc6ncx5wp/image/upload/v1597241359/neck_lift_jtdcrq.jpg"]]
  [1m[35m (0.6ms)[0m  [1m[35mCOMMIT[0m
  [1m[35m (0.3ms)[0m  [1m[35mBEGIN[0m
  [1m[36mService Create (0.5ms)[0m  [1m[32mINSERT INTO "services" ("name", "duration", "price", "description", "created_at", "updated_at", "img_url") VALUES ($1, $2, $3, $4, $5, $6, $7) RETURNING "id"[0m  [["name", "Cryolipolysis"], ["duration", "45 min"], ["price", "$175"], ["description", "Cryolipolysis (fat freezing) is a suction applied to a target area and the skin’s temperature is lowered to -16 degrees Celsius. Inducing fat cells to dissolve. The dead fat cells are removed through the body’s natural processes in a period of 4-6 weeks."], ["created_at", "2020-08-12 14:58:54.139085"], ["updated_at", "2020-08-12 14:58:54.139085"], ["img_url", "http://res.cloudinary.com/dc6ncx5wp/image/upload/v1597242300/cryolipolysis_bkxo9o.jpg"]]
  [1m[35m (9.6ms)[0m  [1m[35mCOMMIT[0m
Started GET "/" for ::1 at 2020-08-12 12:49:24 -0400
  [1m[35m (2.0ms)[0m  [1m[34mSELECT "schema_migrations"."version" FROM "schema_migrations" ORDER BY "schema_migrations"."version" ASC[0m
Processing by Rails::WelcomeController#index as */*
  Rendering /Users/kellyappiah/.rbenv/versions/2.6.4/lib/ruby/gems/2.6.0/gems/railties-6.0.3.2/lib/rails/templates/rails/welcome/index.html.erb
  Rendered /Users/kellyappiah/.rbenv/versions/2.6.4/lib/ruby/gems/2.6.0/gems/railties-6.0.3.2/lib/rails/templates/rails/welcome/index.html.erb (Duration: 19.8ms | Allocations: 482)
Completed 200 OK in 58ms (Views: 40.2ms | ActiveRecord: 0.0ms | Allocations: 2751)


Started GET "/auth/login" for ::1 at 2020-08-12 12:50:27 -0400
  
ActionController::RoutingError (No route matches [GET] "/auth/login"):
  
actionpack (6.0.3.2) lib/action_dispatch/middleware/debug_exceptions.rb:36:in `call'
actionpack (6.0.3.2) lib/action_dispatch/middleware/show_exceptions.rb:33:in `call'
railties (6.0.3.2) lib/rails/rack/logger.rb:37:in `call_app'
railties (6.0.3.2) lib/rails/rack/logger.rb:26:in `block in call'
activesupport (6.0.3.2) lib/active_support/tagged_logging.rb:80:in `block in tagged'
activesupport (6.0.3.2) lib/active_support/tagged_logging.rb:28:in `tagged'
activesupport (6.0.3.2) lib/active_support/tagged_logging.rb:80:in `tagged'
railties (6.0.3.2) lib/rails/rack/logger.rb:26:in `call'
actionpack (6.0.3.2) lib/action_dispatch/middleware/remote_ip.rb:81:in `call'
actionpack (6.0.3.2) lib/action_dispatch/middleware/request_id.rb:27:in `call'
rack (2.2.3) lib/rack/runtime.rb:22:in `call'
activesupport (6.0.3.2) lib/active_support/cache/strategy/local_cache_middleware.rb:29:in `call'
actionpack (6.0.3.2) lib/action_dispatch/middleware/executor.rb:14:in `call'
actionpack (6.0.3.2) lib/action_dispatch/middleware/static.rb:126:in `call'
rack (2.2.3) lib/rack/sendfile.rb:110:in `call'
actionpack (6.0.3.2) lib/action_dispatch/middleware/host_authorization.rb:82:in `call'
rack-cors (1.1.1) lib/rack/cors.rb:100:in `call'
railties (6.0.3.2) lib/rails/engine.rb:527:in `call'
puma (4.3.5) lib/puma/configuration.rb:228:in `call'
puma (4.3.5) lib/puma/server.rb:713:in `handle_request'
puma (4.3.5) lib/puma/server.rb:472:in `process_client'
puma (4.3.5) lib/puma/server.rb:328:in `block in run'
puma (4.3.5) lib/puma/thread_pool.rb:134:in `block in spawn_thread'
Started GET "/auth/verify" for ::1 at 2020-08-12 12:50:51 -0400
Processing by AuthenticationController#verify as */*
Filter chain halted as :authorize_request rendered or redirected
Completed 401 Unauthorized in 2ms (Views: 0.7ms | ActiveRecord: 0.0ms | Allocations: 192)


Started GET "/" for ::1 at 2020-08-12 12:55:10 -0400
Processing by Rails::WelcomeController#index as */*
  Rendering /Users/kellyappiah/.rbenv/versions/2.6.4/lib/ruby/gems/2.6.0/gems/railties-6.0.3.2/lib/rails/templates/rails/welcome/index.html.erb
  Rendered /Users/kellyappiah/.rbenv/versions/2.6.4/lib/ruby/gems/2.6.0/gems/railties-6.0.3.2/lib/rails/templates/rails/welcome/index.html.erb (Duration: 49.9ms | Allocations: 190)
Completed 200 OK in 150ms (Views: 67.2ms | ActiveRecord: 0.0ms | Allocations: 794)


Started GET "/" for ::1 at 2020-08-12 13:05:53 -0400
Processing by Rails::WelcomeController#index as */*
  Rendering /Users/kellyappiah/.rbenv/versions/2.6.4/lib/ruby/gems/2.6.0/gems/railties-6.0.3.2/lib/rails/templates/rails/welcome/index.html.erb
  Rendered /Users/kellyappiah/.rbenv/versions/2.6.4/lib/ruby/gems/2.6.0/gems/railties-6.0.3.2/lib/rails/templates/rails/welcome/index.html.erb (Duration: 1.3ms | Allocations: 8)
Completed 200 OK in 6ms (Views: 3.2ms | ActiveRecord: 0.0ms | Allocations: 490)


  [1m[35m (3.2ms)[0m  [1m[34mSELECT "schema_migrations"."version" FROM "schema_migrations" ORDER BY "schema_migrations"."version" ASC[0m
  [1m[36mService Load (15.5ms)[0m  [1m[34mSELECT "services".* FROM "services"[0m
  [1m[35m (6.5ms)[0m  [1m[35mBEGIN[0m
  [1m[36mService Destroy (28.9ms)[0m  [1m[31mDELETE FROM "services" WHERE "services"."id" = $1[0m  [["id", 9]]
  [1m[35m (1.2ms)[0m  [1m[35mCOMMIT[0m
  [1m[35m (0.2ms)[0m  [1m[35mBEGIN[0m
  [1m[36mService Destroy (3.8ms)[0m  [1m[31mDELETE FROM "services" WHERE "services"."id" = $1[0m  [["id", 10]]
  [1m[35m (0.4ms)[0m  [1m[35mCOMMIT[0m
  [1m[35m (0.1ms)[0m  [1m[35mBEGIN[0m
  [1m[36mService Destroy (0.5ms)[0m  [1m[31mDELETE FROM "services" WHERE "services"."id" = $1[0m  [["id", 11]]
  [1m[35m (0.4ms)[0m  [1m[35mCOMMIT[0m
  [1m[35m (0.1ms)[0m  [1m[35mBEGIN[0m
  [1m[36mService Destroy (0.4ms)[0m  [1m[31mDELETE FROM "services" WHERE "services"."id" = $1[0m  [["id", 12]]
  [1m[35m (0.4ms)[0m  [1m[35mCOMMIT[0m
  [1m[36mUser Load (13.7ms)[0m  [1m[34mSELECT "users".* FROM "users"[0m
  [1m[35m (0.2ms)[0m  [1m[35mBEGIN[0m
  [1m[36mAppointment Load (0.5ms)[0m  [1m[34mSELECT "appointments".* FROM "appointments" WHERE "appointments"."user_id" = $1[0m  [["user_id", 3]]
  [1m[36mUser Destroy (0.9ms)[0m  [1m[31mDELETE FROM "users" WHERE "users"."id" = $1[0m  [["id", 3]]
  [1m[35m (0.5ms)[0m  [1m[35mCOMMIT[0m
  [1m[35m (0.2ms)[0m  [1m[35mBEGIN[0m
  [1m[36mUser Exists? (0.6ms)[0m  [1m[34mSELECT 1 AS one FROM "users" WHERE "users"."username" = $1 LIMIT $2[0m  [["username", "admin"], ["LIMIT", 1]]
  [1m[36mUser Exists? (0.5ms)[0m  [1m[34mSELECT 1 AS one FROM "users" WHERE "users"."email" = $1 LIMIT $2[0m  [["email", "admin@email.com"], ["LIMIT", 1]]
  [1m[36mUser Create (8.5ms)[0m  [1m[32mINSERT INTO "users" ("username", "email", "password_digest", "created_at", "updated_at") VALUES ($1, $2, $3, $4, $5) RETURNING "id"[0m  [["username", "admin"], ["email", "admin@email.com"], ["password_digest", "$2a$12$V4zXgUJZa8iYMFc00jwuc.BQwF7FjIqOVYDLx4em6gPu8fkKfQn0K"], ["created_at", "2020-08-12 17:06:42.774835"], ["updated_at", "2020-08-12 17:06:42.774835"]]
  [1m[35m (1.9ms)[0m  [1m[35mCOMMIT[0m
  [1m[35m (0.2ms)[0m  [1m[35mBEGIN[0m
  [1m[36mService Create (0.6ms)[0m  [1m[32mINSERT INTO "services" ("name", "duration", "price", "description", "created_at", "updated_at", "img_url") VALUES ($1, $2, $3, $4, $5, $6, $7) RETURNING "id"[0m  [["name", "Reflexology Massage"], ["duration", "60 min"], ["price", "$40"], ["description", "Reflexology is a type of massage that involves applying different amounts of pressure to the feet. It's based on a theory that these body parts are connected to certain organs and body systems. Reflexologists believe that applying pressure to these parts offers a range of health benefits."], ["created_at", "2020-08-12 17:06:42.793618"], ["updated_at", "2020-08-12 17:06:42.793618"], ["img_url", "http://res.cloudinary.com/dc6ncx5wp/image/upload/v1597238721/reflexology_e6x30v.jpg"]]
  [1m[35m (0.5ms)[0m  [1m[35mCOMMIT[0m
  [1m[35m (0.2ms)[0m  [1m[35mBEGIN[0m
  [1m[36mService Create (0.4ms)[0m  [1m[32mINSERT INTO "services" ("name", "duration", "price", "description", "created_at", "updated_at", "img_url") VALUES ($1, $2, $3, $4, $5, $6, $7) RETURNING "id"[0m  [["name", "Mesotherapy"], ["duration", "70 min"], ["price", "$150"], ["description", "esotherapy is a technique that uses injections of vitamins, enzymes, hormones, and plant extracts to rejuvenate and tighten skin, as well as remove excess fat. After the injections, we do a series of fat-reduction massages. Mesotherapy is considered a nonsurgical alternative to liposuction for removing unwanted fat. You can lose up to 15 pounds after just 2 sessions!"], ["created_at", "2020-08-12 17:06:42.806488"], ["updated_at", "2020-08-12 17:06:42.806488"], ["img_url", "http://res.cloudinary.com/dc6ncx5wp/image/upload/v1597238721/reflexology_e6x30v.jpg"]]
  [1m[35m (6.2ms)[0m  [1m[35mCOMMIT[0m
  [1m[35m (0.2ms)[0m  [1m[35mBEGIN[0m
  [1m[36mService Create (0.5ms)[0m  [1m[32mINSERT INTO "services" ("name", "duration", "price", "description", "created_at", "updated_at", "img_url") VALUES ($1, $2, $3, $4, $5, $6, $7) RETURNING "id"[0m  [["name", "Kybella"], ["duration", "30 min"], ["price", "$400"], ["description", "An injectable treatment that melts fat rapidly and can dramatically improve the contour of the jawline. (price listed above is for 1 vial and 1 sealer injection- 15days apart) 2 sessions are recommended, 4 weeks apart; to see fast results."], ["created_at", "2020-08-12 17:06:42.832605"], ["updated_at", "2020-08-12 17:06:42.832605"], ["img_url", "http://res.cloudinary.com/dc6ncx5wp/image/upload/v1597241359/neck_lift_jtdcrq.jpg"]]
  [1m[35m (4.9ms)[0m  [1m[35mCOMMIT[0m
  [1m[35m (0.2ms)[0m  [1m[35mBEGIN[0m
  [1m[36mService Create (1.9ms)[0m  [1m[32mINSERT INTO "services" ("name", "duration", "price", "description", "created_at", "updated_at", "img_url") VALUES ($1, $2, $3, $4, $5, $6, $7) RETURNING "id"[0m  [["name", "Cryolipolysis"], ["duration", "45 min"], ["price", "$175"], ["description", "Cryolipolysis (fat freezing) is a suction applied to a target area and the skin’s temperature is lowered to -16 degrees Celsius. Inducing fat cells to dissolve. The dead fat cells are removed through the body’s natural processes in a period of 4-6 weeks."], ["created_at", "2020-08-12 17:06:42.843600"], ["updated_at", "2020-08-12 17:06:42.843600"], ["img_url", "http://res.cloudinary.com/dc6ncx5wp/image/upload/v1597242300/cryolipolysis_bkxo9o.jpg"]]
  [1m[35m (0.4ms)[0m  [1m[35mCOMMIT[0m
Started GET "/appointments" for ::1 at 2020-08-12 13:36:44 -0400
  [1m[35m (3.8ms)[0m  [1m[34mSELECT "schema_migrations"."version" FROM "schema_migrations" ORDER BY "schema_migrations"."version" ASC[0m
Processing by AppointmentsController#index as */*
  [1m[36mAppointment Load (7.4ms)[0m  [1m[34mSELECT "appointments".* FROM "appointments"[0m
  ↳ app/controllers/appointments_controller.rb:8:in `index'
Completed 200 OK in 67ms (Views: 4.4ms | ActiveRecord: 51.0ms | Allocations: 2669)


Started GET "/services" for ::1 at 2020-08-12 13:37:00 -0400
Processing by ServicesController#index as */*
  [1m[36mService Load (20.4ms)[0m  [1m[34mSELECT "services".* FROM "services"[0m
  ↳ app/controllers/services_controller.rb:8:in `index'
Completed 200 OK in 153ms (Views: 95.9ms | ActiveRecord: 47.0ms | Allocations: 8173)


Started GET "/services/13" for ::1 at 2020-08-12 13:37:33 -0400
  
ActionController::RoutingError (No route matches [GET] "/services/13"):
  
actionpack (6.0.3.2) lib/action_dispatch/middleware/debug_exceptions.rb:36:in `call'
actionpack (6.0.3.2) lib/action_dispatch/middleware/show_exceptions.rb:33:in `call'
railties (6.0.3.2) lib/rails/rack/logger.rb:37:in `call_app'
railties (6.0.3.2) lib/rails/rack/logger.rb:26:in `block in call'
activesupport (6.0.3.2) lib/active_support/tagged_logging.rb:80:in `block in tagged'
activesupport (6.0.3.2) lib/active_support/tagged_logging.rb:28:in `tagged'
activesupport (6.0.3.2) lib/active_support/tagged_logging.rb:80:in `tagged'
railties (6.0.3.2) lib/rails/rack/logger.rb:26:in `call'
actionpack (6.0.3.2) lib/action_dispatch/middleware/remote_ip.rb:81:in `call'
actionpack (6.0.3.2) lib/action_dispatch/middleware/request_id.rb:27:in `call'
rack (2.2.3) lib/rack/runtime.rb:22:in `call'
activesupport (6.0.3.2) lib/active_support/cache/strategy/local_cache_middleware.rb:29:in `call'
actionpack (6.0.3.2) lib/action_dispatch/middleware/executor.rb:14:in `call'
actionpack (6.0.3.2) lib/action_dispatch/middleware/static.rb:126:in `call'
rack (2.2.3) lib/rack/sendfile.rb:110:in `call'
actionpack (6.0.3.2) lib/action_dispatch/middleware/host_authorization.rb:82:in `call'
rack-cors (1.1.1) lib/rack/cors.rb:100:in `call'
railties (6.0.3.2) lib/rails/engine.rb:527:in `call'
puma (4.3.5) lib/puma/configuration.rb:228:in `call'
puma (4.3.5) lib/puma/server.rb:713:in `handle_request'
puma (4.3.5) lib/puma/server.rb:472:in `process_client'
puma (4.3.5) lib/puma/server.rb:328:in `block in run'
puma (4.3.5) lib/puma/thread_pool.rb:134:in `block in spawn_thread'
Started GET "/services/" for ::1 at 2020-08-12 13:37:39 -0400
Processing by ServicesController#index as */*
  [1m[36mService Load (0.7ms)[0m  [1m[34mSELECT "services".* FROM "services"[0m
  ↳ app/controllers/services_controller.rb:8:in `index'
Completed 200 OK in 50ms (Views: 48.8ms | ActiveRecord: 0.7ms | Allocations: 1504)


Started GET "/service/13" for ::1 at 2020-08-12 13:38:07 -0400
  
ActionController::RoutingError (No route matches [GET] "/service/13"):
  
actionpack (6.0.3.2) lib/action_dispatch/middleware/debug_exceptions.rb:36:in `call'
actionpack (6.0.3.2) lib/action_dispatch/middleware/show_exceptions.rb:33:in `call'
railties (6.0.3.2) lib/rails/rack/logger.rb:37:in `call_app'
railties (6.0.3.2) lib/rails/rack/logger.rb:26:in `block in call'
activesupport (6.0.3.2) lib/active_support/tagged_logging.rb:80:in `block in tagged'
activesupport (6.0.3.2) lib/active_support/tagged_logging.rb:28:in `tagged'
activesupport (6.0.3.2) lib/active_support/tagged_logging.rb:80:in `tagged'
railties (6.0.3.2) lib/rails/rack/logger.rb:26:in `call'
actionpack (6.0.3.2) lib/action_dispatch/middleware/remote_ip.rb:81:in `call'
actionpack (6.0.3.2) lib/action_dispatch/middleware/request_id.rb:27:in `call'
rack (2.2.3) lib/rack/runtime.rb:22:in `call'
activesupport (6.0.3.2) lib/active_support/cache/strategy/local_cache_middleware.rb:29:in `call'
actionpack (6.0.3.2) lib/action_dispatch/middleware/executor.rb:14:in `call'
actionpack (6.0.3.2) lib/action_dispatch/middleware/static.rb:126:in `call'
rack (2.2.3) lib/rack/sendfile.rb:110:in `call'
actionpack (6.0.3.2) lib/action_dispatch/middleware/host_authorization.rb:82:in `call'
rack-cors (1.1.1) lib/rack/cors.rb:100:in `call'
railties (6.0.3.2) lib/rails/engine.rb:527:in `call'
puma (4.3.5) lib/puma/configuration.rb:228:in `call'
puma (4.3.5) lib/puma/server.rb:713:in `handle_request'
puma (4.3.5) lib/puma/server.rb:472:in `process_client'
puma (4.3.5) lib/puma/server.rb:328:in `block in run'
puma (4.3.5) lib/puma/thread_pool.rb:134:in `block in spawn_thread'
Started GET "/services/" for ::1 at 2020-08-12 13:38:16 -0400
Processing by ServicesController#index as */*
  [1m[36mService Load (2.5ms)[0m  [1m[34mSELECT "services".* FROM "services"[0m
  ↳ app/controllers/services_controller.rb:8:in `index'
Completed 200 OK in 9ms (Views: 5.7ms | ActiveRecord: 2.5ms | Allocations: 1519)


